<?xml version="1.0" encoding="UTF-8"?>
<!-- Generated by org.testng.reporters.JUnitReportReporter -->
<testsuite skipped="0" hostname="DESKTOP-C24IJ1E" name="com.assignment.harvinder.PurchaseForeignCurrency" tests="1" failures="0" timestamp="04 May 2018 22:22:44 GMT" time="1.990" errors="0">
  <testcase name="purchaseCurrency" time="1.990" classname="com.assignment.harvinder.PurchaseForeignCurrency"/>
</testsuite> <!-- com.assignment.harvinder.PurchaseForeignCurrency -->
