<?xml version="1.0" encoding="UTF-8"?>
<!-- Generated by org.testng.reporters.JUnitReportReporter -->
<testsuite skipped="0" hostname="DESKTOP-C24IJ1E" name="com.assignment.harvinder.TransferFunds" tests="1" failures="0" timestamp="04 May 2018 22:26:00 GMT" time="1.234" errors="0">
  <testcase name="purchaseCurrency" time="1.234" classname="com.assignment.harvinder.TransferFunds"/>
</testsuite> <!-- com.assignment.harvinder.TransferFunds -->
