<?xml version="1.0" encoding="UTF-8"?>
<!-- Generated by org.testng.reporters.JUnitReportReporter -->
<testsuite skipped="0" hostname="DESKTOP-C24IJ1E" name="com.testsuite_regression.PurchaseForeignCurrency" tests="1" failures="0" timestamp="13 May 2018 00:00:43 GMT" time="2.081" errors="0">
  <testcase name="purchaseCurrency" time="2.081" classname="com.testsuite_regression.PurchaseForeignCurrency"/>
</testsuite> <!-- com.testsuite_regression.PurchaseForeignCurrency -->
