<?xml version="1.0" encoding="UTF-8"?>
<!-- Generated by org.testng.reporters.JUnitReportReporter -->
<testsuite skipped="0" hostname="DESKTOP-C24IJ1E" name="com.assignment.harvinder.AddNewPayee" tests="1" failures="0" timestamp="04 May 2018 22:18:37 GMT" time="1.638" errors="0">
  <testcase name="addNewPayeeMethod" time="1.638" classname="com.assignment.harvinder.AddNewPayee"/>
</testsuite> <!-- com.assignment.harvinder.AddNewPayee -->
