<?xml version="1.0" encoding="UTF-8"?>
<!-- Generated by org.testng.reporters.JUnitReportReporter -->
<testsuite skipped="0" hostname="DESKTOP-C24IJ1E" name="com.testsuite_regression.TransferFunds" tests="1" failures="0" timestamp="13 May 2018 16:00:36 GMT" time="1.878" errors="0">
  <testcase name="transfer" time="1.878" classname="com.testsuite_regression.TransferFunds"/>
</testsuite> <!-- com.testsuite_regression.TransferFunds -->
