<?xml version="1.0" encoding="UTF-8"?>
<!-- Generated by org.testng.reporters.JUnitReportReporter -->
<testsuite skipped="0" hostname="DESKTOP-C24IJ1E" name="com.testsuite_regression.AddNewPayee" tests="1" failures="0" timestamp="13 May 2018 00:05:09 GMT" time="4.378" errors="0">
  <testcase name="addPayee" time="4.378" classname="com.testsuite_regression.AddNewPayee"/>
</testsuite> <!-- com.testsuite_regression.AddNewPayee -->
